<?xml version="1.0" encoding="UTF-8"?>
<!-- Generated by org.testng.reporters.JUnitReportReporter -->
<testsuite hostname="Rahuls-MacBook-Pro.local" name="loginFunctionality.loginEndToEnd" tests="5" failures="0" timestamp="23 Feb 2016 04:52:04 GMT" time="1.413" errors="0">
  <testcase name="loginButton" time="0.359" classname="loginFunctionality.loginEndToEnd"/>
  <testcase name="checkButton" time="0.144" classname="loginFunctionality.loginEndToEnd"/>
  <testcase name="getName" time="0.025" classname="loginFunctionality.loginEndToEnd"/>
  <testcase name="loginBank" time="0.546" classname="loginFunctionality.loginEndToEnd"/>
  <testcase name="verifyErrorMessage" time="0.339" classname="loginFunctionality.loginEndToEnd"/>
</testsuite> <!-- loginFunctionality.loginEndToEnd -->
